2019-12-22 10:42:21,127 INFO  [main] search.SearchCollection (SearchCollection.java:212) - Reading index at ../robust04/lucene-index.robust04.pos+docvectors+rawdocs
2019-12-22 10:42:21,482 INFO  [main] search.SearchCollection (SearchCollection.java:239) - Use Bag of Terms query
2019-12-22 10:42:21,567 INFO  [pool-2-thread-1] search.SearchCollection$SearcherThread (SearchCollection.java:163) - [Start] Ranking with similarity: BM25(k1=0.9,b=0.4)
2019-12-22 10:42:45,869 INFO  [pool-2-thread-1] search.SearchCollection$SearcherThread (SearchCollection.java:195) - [Finished] Ranking with similarity: BM25(k1=0.9,b=0.4)
2019-12-22 10:42:45,883 INFO  [pool-2-thread-1] search.SearchCollection$SearcherThread (SearchCollection.java:196) - Run 250 topics searched in 00:00:24
2019-12-22 10:42:45,917 INFO  [main] search.SearchCollection (SearchCollection.java:562) - Total run time: 00:00:24
runid                 	all	Anserini
num_q                 	all	249
num_ret               	all	249000
num_rel               	all	17412
num_rel_ret           	all	9281
map                   	all	0.1935
gm_map                	all	0.0894
Rprec                 	all	0.2367
bpref                 	all	0.2275
recip_rank            	all	0.5638
iprec_at_recall_0.00  	all	0.6103
iprec_at_recall_0.10  	all	0.4253
iprec_at_recall_0.20  	all	0.3234
iprec_at_recall_0.30  	all	0.2632
iprec_at_recall_0.40  	all	0.2113
iprec_at_recall_0.50  	all	0.1769
iprec_at_recall_0.60  	all	0.1333
iprec_at_recall_0.70  	all	0.0983
iprec_at_recall_0.80  	all	0.0648
iprec_at_recall_0.90  	all	0.0345
iprec_at_recall_1.00  	all	0.0163
P_5                   	all	0.3695
P_10                  	all	0.3410
P_15                  	all	0.3127
P_20                  	all	0.2918
P_30                  	all	0.2517
P_100                 	all	0.1542
P_200                 	all	0.1066
P_500                 	all	0.0607
P_1000                	all	0.0373
