2019-12-22 10:40:45,831 INFO  [main] search.SearchCollection (SearchCollection.java:212) - Reading index at ../robust04/lucene-index.robust04.pos+docvectors+rawdocs
2019-12-22 10:40:46,109 INFO  [main] search.SearchCollection (SearchCollection.java:239) - Use Bag of Terms query
2019-12-22 10:40:46,188 INFO  [pool-2-thread-1] search.SearchCollection$SearcherThread (SearchCollection.java:163) - [Start] Ranking with similarity: BM25(k1=0.9,b=0.4)
2019-12-22 10:41:05,956 INFO  [pool-2-thread-1] search.SearchCollection$SearcherThread (SearchCollection.java:195) - [Finished] Ranking with similarity: BM25(k1=0.9,b=0.4)
2019-12-22 10:41:05,965 INFO  [pool-2-thread-1] search.SearchCollection$SearcherThread (SearchCollection.java:196) - Run 250 topics searched in 00:00:19
2019-12-22 10:41:05,996 INFO  [main] search.SearchCollection (SearchCollection.java:562) - Total run time: 00:00:20
runid                 	all	Anserini
num_q                 	all	249
num_ret               	all	249000
num_rel               	all	17412
num_rel_ret           	all	10168
map                   	all	0.2321
gm_map                	all	0.1200
Rprec                 	all	0.2686
bpref                 	all	0.2488
recip_rank            	all	0.6213
iprec_at_recall_0.00  	all	0.6677
iprec_at_recall_0.10  	all	0.4975
iprec_at_recall_0.20  	all	0.3777
iprec_at_recall_0.30  	all	0.3150
iprec_at_recall_0.40  	all	0.2594
iprec_at_recall_0.50  	all	0.2137
iprec_at_recall_0.60  	all	0.1603
iprec_at_recall_0.70  	all	0.1236
iprec_at_recall_0.80  	all	0.0838
iprec_at_recall_0.90  	all	0.0527
iprec_at_recall_1.00  	all	0.0233
P_5                   	all	0.4289
P_10                  	all	0.3920
P_15                  	all	0.3609
P_20                  	all	0.3341
P_30                  	all	0.2880
P_100                 	all	0.1756
P_200                 	all	0.1215
P_500                 	all	0.0674
P_1000                	all	0.0408
