2019-12-23 09:30:14,951 INFO  [main] search.SearchCollection (SearchCollection.java:212) - Reading index at ../robust04/lucene-index.robust04.pos+docvectors+rawdocs
2019-12-23 09:30:15,585 INFO  [main] search.SearchCollection (SearchCollection.java:239) - Use Bag of Terms query
2019-12-23 09:30:15,667 INFO  [pool-2-thread-1] search.SearchCollection$SearcherThread (SearchCollection.java:163) - [Start] Ranking with similarity: BM25(k1=0.9,b=0.4)
2019-12-23 09:31:13,471 INFO  [pool-2-thread-1] search.SearchCollection$SearcherThread (SearchCollection.java:195) - [Finished] Ranking with similarity: BM25(k1=0.9,b=0.4)
2019-12-23 09:31:13,496 INFO  [pool-2-thread-1] search.SearchCollection$SearcherThread (SearchCollection.java:196) - Run 250 topics searched in 00:00:57
2019-12-23 09:31:13,548 INFO  [main] search.SearchCollection (SearchCollection.java:562) - Total run time: 00:00:58
runid                 	all	Anserini
num_q                 	all	249
num_ret               	all	249000
num_rel               	all	17412
num_rel_ret           	all	10236
map                   	all	0.2322
gm_map                	all	0.1198
Rprec                 	all	0.2690
bpref                 	all	0.2481
recip_rank            	all	0.6197
iprec_at_recall_0.00  	all	0.6665
iprec_at_recall_0.10  	all	0.4955
iprec_at_recall_0.20  	all	0.3807
iprec_at_recall_0.30  	all	0.3149
iprec_at_recall_0.40  	all	0.2584
iprec_at_recall_0.50  	all	0.2134
iprec_at_recall_0.60  	all	0.1611
iprec_at_recall_0.70  	all	0.1240
iprec_at_recall_0.80  	all	0.0845
iprec_at_recall_0.90  	all	0.0533
iprec_at_recall_1.00  	all	0.0231
P_5                   	all	0.4265
P_10                  	all	0.3859
P_15                  	all	0.3582
P_20                  	all	0.3325
P_30                  	all	0.2861
P_100                 	all	0.1762
P_200                 	all	0.1218
P_500                 	all	0.0679
P_1000                	all	0.0411
