2019-12-23 09:36:48,451 INFO  [main] search.SearchCollection (SearchCollection.java:212) - Reading index at ../robust04/lucene-index.robust04.pos+docvectors+rawdocs
2019-12-23 09:36:49,039 INFO  [main] search.SearchCollection (SearchCollection.java:239) - Use Bag of Terms query
2019-12-23 09:36:49,153 INFO  [pool-2-thread-1] search.SearchCollection$SearcherThread (SearchCollection.java:163) - [Start] Ranking with similarity: BM25(k1=0.9,b=0.4)
2019-12-23 09:37:14,524 INFO  [pool-2-thread-1] search.SearchCollection$SearcherThread (SearchCollection.java:195) - [Finished] Ranking with similarity: BM25(k1=0.9,b=0.4)
2019-12-23 09:37:14,564 INFO  [pool-2-thread-1] search.SearchCollection$SearcherThread (SearchCollection.java:196) - Run 250 topics searched in 00:00:25
2019-12-23 09:37:14,601 INFO  [main] search.SearchCollection (SearchCollection.java:562) - Total run time: 00:00:26
runid                 	all	Anserini
num_q                 	all	249
num_ret               	all	249000
num_rel               	all	17412
num_rel_ret           	all	9308
map                   	all	0.1951
gm_map                	all	0.0890
Rprec                 	all	0.2382
bpref                 	all	0.2288
recip_rank            	all	0.5625
iprec_at_recall_0.00  	all	0.6091
iprec_at_recall_0.10  	all	0.4296
iprec_at_recall_0.20  	all	0.3243
iprec_at_recall_0.30  	all	0.2657
iprec_at_recall_0.40  	all	0.2125
iprec_at_recall_0.50  	all	0.1787
iprec_at_recall_0.60  	all	0.1342
iprec_at_recall_0.70  	all	0.0989
iprec_at_recall_0.80  	all	0.0665
iprec_at_recall_0.90  	all	0.0348
iprec_at_recall_1.00  	all	0.0167
P_5                   	all	0.3743
P_10                  	all	0.3454
P_15                  	all	0.3154
P_20                  	all	0.2924
P_30                  	all	0.2518
P_100                 	all	0.1541
P_200                 	all	0.1070
P_500                 	all	0.0608
P_1000                	all	0.0374
