2019-12-22 10:40:24,694 INFO  [main] search.SearchCollection (SearchCollection.java:212) - Reading index at ../robust04/lucene-index.robust04.pos+docvectors+rawdocs
2019-12-22 10:40:24,906 INFO  [main] search.SearchCollection (SearchCollection.java:239) - Use Bag of Terms query
2019-12-22 10:40:24,964 INFO  [pool-2-thread-1] search.SearchCollection$SearcherThread (SearchCollection.java:163) - [Start] Ranking with similarity: BM25(k1=0.9,b=0.4)
2019-12-22 10:40:44,273 INFO  [pool-2-thread-1] search.SearchCollection$SearcherThread (SearchCollection.java:195) - [Finished] Ranking with similarity: BM25(k1=0.9,b=0.4)
2019-12-22 10:40:44,284 INFO  [pool-2-thread-1] search.SearchCollection$SearcherThread (SearchCollection.java:196) - Run 250 topics searched in 00:00:19
2019-12-22 10:40:44,318 INFO  [main] search.SearchCollection (SearchCollection.java:562) - Total run time: 00:00:19
runid                 	all	Anserini
num_q                 	all	249
num_ret               	all	247093
num_rel               	all	17412
num_rel_ret           	all	9876
map                   	all	0.2431
gm_map                	all	0.1167
Rprec                 	all	0.2842
bpref                 	all	0.2571
recip_rank            	all	0.6504
iprec_at_recall_0.00  	all	0.6994
iprec_at_recall_0.10  	all	0.5017
iprec_at_recall_0.20  	all	0.4001
iprec_at_recall_0.30  	all	0.3337
iprec_at_recall_0.40  	all	0.2707
iprec_at_recall_0.50  	all	0.2270
iprec_at_recall_0.60  	all	0.1771
iprec_at_recall_0.70  	all	0.1331
iprec_at_recall_0.80  	all	0.0874
iprec_at_recall_0.90  	all	0.0543
iprec_at_recall_1.00  	all	0.0257
P_5                   	all	0.4723
P_10                  	all	0.4096
P_15                  	all	0.3732
P_20                  	all	0.3400
P_30                  	all	0.2965
P_100                 	all	0.1767
P_200                 	all	0.1209
P_500                 	all	0.0662
P_1000                	all	0.0397
